14-Jul-2021 08:19:21.574 INFORMACIÓN [main] org.apache.catalina.startup.VersionLoggerListener.log Server version:        Apache Tomcat/8.0.53
14-Jul-2021 08:19:21.582 INFORMACIÓN [main] org.apache.catalina.startup.VersionLoggerListener.log Server built:          Jun 29 2018 14:42:45 UTC
14-Jul-2021 08:19:21.583 INFORMACIÓN [main] org.apache.catalina.startup.VersionLoggerListener.log Server number:         8.0.53.0
14-Jul-2021 08:19:21.583 INFORMACIÓN [main] org.apache.catalina.startup.VersionLoggerListener.log OS Name:               Windows 10
14-Jul-2021 08:19:21.584 INFORMACIÓN [main] org.apache.catalina.startup.VersionLoggerListener.log OS Version:            10.0
14-Jul-2021 08:19:21.584 INFORMACIÓN [main] org.apache.catalina.startup.VersionLoggerListener.log Architecture:          amd64
14-Jul-2021 08:19:21.584 INFORMACIÓN [main] org.apache.catalina.startup.VersionLoggerListener.log Java Home:             C:\Program Files\AdoptOpenJDK\jdk-13.0.2.8-hotspot
14-Jul-2021 08:19:21.585 INFORMACIÓN [main] org.apache.catalina.startup.VersionLoggerListener.log JVM Version:           13.0.2+8
14-Jul-2021 08:19:21.585 INFORMACIÓN [main] org.apache.catalina.startup.VersionLoggerListener.log JVM Vendor:            AdoptOpenJDK
14-Jul-2021 08:19:21.585 INFORMACIÓN [main] org.apache.catalina.startup.VersionLoggerListener.log CATALINA_BASE:         C:\Users\Trinidad\Documents\Server\apache-tomcat-8.0.53
14-Jul-2021 08:19:21.585 INFORMACIÓN [main] org.apache.catalina.startup.VersionLoggerListener.log CATALINA_HOME:         C:\Users\Trinidad\Documents\Server\apache-tomcat-8.0.53
14-Jul-2021 08:19:21.588 INFORMACIÓN [main] org.apache.catalina.startup.VersionLoggerListener.log Command line argument: --add-opens=java.base/java.lang=ALL-UNNAMED
14-Jul-2021 08:19:21.589 INFORMACIÓN [main] org.apache.catalina.startup.VersionLoggerListener.log Command line argument: --add-opens=java.base/java.io=ALL-UNNAMED
14-Jul-2021 08:19:21.589 INFORMACIÓN [main] org.apache.catalina.startup.VersionLoggerListener.log Command line argument: --add-opens=java.rmi/sun.rmi.transport=ALL-UNNAMED
14-Jul-2021 08:19:21.589 INFORMACIÓN [main] org.apache.catalina.startup.VersionLoggerListener.log Command line argument: -Djava.util.logging.config.file=C:\Users\Trinidad\Documents\Server\apache-tomcat-8.0.53\conf\logging.properties
14-Jul-2021 08:19:21.589 INFORMACIÓN [main] org.apache.catalina.startup.VersionLoggerListener.log Command line argument: -Djava.util.logging.manager=org.apache.juli.ClassLoaderLogManager
14-Jul-2021 08:19:21.589 INFORMACIÓN [main] org.apache.catalina.startup.VersionLoggerListener.log Command line argument: -Dhttp.nonProxyHosts=localhost|127.0.0.1|NotebookTrini
14-Jul-2021 08:19:21.589 INFORMACIÓN [main] org.apache.catalina.startup.VersionLoggerListener.log Command line argument: -Djdk.tls.ephemeralDHKeySize=2048
14-Jul-2021 08:19:21.590 INFORMACIÓN [main] org.apache.catalina.startup.VersionLoggerListener.log Command line argument: -Djava.protocol.handler.pkgs=org.apache.catalina.webresources
14-Jul-2021 08:19:21.590 INFORMACIÓN [main] org.apache.catalina.startup.VersionLoggerListener.log Command line argument: -Dignore.endorsed.dirs=
14-Jul-2021 08:19:21.590 INFORMACIÓN [main] org.apache.catalina.startup.VersionLoggerListener.log Command line argument: -Dcatalina.base=C:\Users\Trinidad\Documents\Server\apache-tomcat-8.0.53
14-Jul-2021 08:19:21.590 INFORMACIÓN [main] org.apache.catalina.startup.VersionLoggerListener.log Command line argument: -Dcatalina.home=C:\Users\Trinidad\Documents\Server\apache-tomcat-8.0.53
14-Jul-2021 08:19:21.590 INFORMACIÓN [main] org.apache.catalina.startup.VersionLoggerListener.log Command line argument: -Djava.io.tmpdir=C:\Users\Trinidad\Documents\Server\apache-tomcat-8.0.53\temp
14-Jul-2021 08:19:21.590 INFORMACIÓN [main] org.apache.catalina.core.AprLifecycleListener.lifecycleEvent Cargada la biblioteca nativa APR de Apache Tomcat 1.2.17 con la versión APR 1.6.3.
14-Jul-2021 08:19:21.590 INFORMACIÓN [main] org.apache.catalina.core.AprLifecycleListener.lifecycleEvent Capacidades APR: IPv6 [true], enviar fichero [true], aceptar filtros [false], aleatorio [true].
14-Jul-2021 08:19:22.823 INFORMACIÓN [main] org.apache.catalina.core.AprLifecycleListener.initializeSSL OpenSSL inicializado correctamente (OpenSSL 1.0.2o  27 Mar 2018)
14-Jul-2021 08:19:22.937 INFORMACIÓN [main] org.apache.coyote.AbstractProtocol.init Initializing ProtocolHandler ["http-apr-8080"]
14-Jul-2021 08:19:22.955 INFORMACIÓN [main] org.apache.coyote.AbstractProtocol.init Initializing ProtocolHandler ["ajp-apr-8009"]
14-Jul-2021 08:19:22.959 INFORMACIÓN [main] org.apache.catalina.startup.Catalina.load Initialization processed in 2234 ms
14-Jul-2021 08:19:23.108 INFORMACIÓN [main] org.apache.catalina.core.StandardService.startInternal Arrancando servicio Catalina
14-Jul-2021 08:19:23.108 INFORMACIÓN [main] org.apache.catalina.core.StandardEngine.startInternal Starting Servlet Engine: Apache Tomcat/8.0.53
14-Jul-2021 08:19:23.161 INFORMACIÓN [localhost-startStop-1] org.apache.catalina.startup.HostConfig.deployDescriptor Desplieque del descriptor de configuración C:\Users\Trinidad\Documents\Server\apache-tomcat-8.0.53\conf\Catalina\localhost\PruebaWeb.xml
14-Jul-2021 08:19:24.169 ADVERTENCIA [localhost-startStop-1] org.apache.catalina.util.SessionIdGeneratorBase.createSecureRandom Creation of SecureRandom instance for session ID generation using [SHA1PRNG] took [268] milliseconds.
14-Jul-2021 08:19:24.256 INFORMACIÓN [localhost-startStop-1] org.apache.catalina.startup.HostConfig.deployDescriptor Deployment of configuration descriptor C:\Users\Trinidad\Documents\Server\apache-tomcat-8.0.53\conf\Catalina\localhost\PruebaWeb.xml has finished in 1.096 ms
14-Jul-2021 08:19:24.259 INFORMACIÓN [localhost-startStop-1] org.apache.catalina.startup.HostConfig.deployDirectory Despliegue del directorio C:\Users\Trinidad\Documents\Server\apache-tomcat-8.0.53\webapps\docs de la aplicación web
14-Jul-2021 08:19:24.341 INFORMACIÓN [localhost-startStop-1] org.apache.catalina.startup.HostConfig.deployDirectory Deployment of web application directory C:\Users\Trinidad\Documents\Server\apache-tomcat-8.0.53\webapps\docs has finished in 81 ms
14-Jul-2021 08:19:24.341 INFORMACIÓN [localhost-startStop-1] org.apache.catalina.startup.HostConfig.deployDirectory Despliegue del directorio C:\Users\Trinidad\Documents\Server\apache-tomcat-8.0.53\webapps\examples de la aplicación web
14-Jul-2021 08:19:25.817 INFORMACIÓN [localhost-startStop-1] org.apache.catalina.startup.HostConfig.deployDirectory Deployment of web application directory C:\Users\Trinidad\Documents\Server\apache-tomcat-8.0.53\webapps\examples has finished in 1.475 ms
14-Jul-2021 08:19:25.817 INFORMACIÓN [localhost-startStop-1] org.apache.catalina.startup.HostConfig.deployDirectory Despliegue del directorio C:\Users\Trinidad\Documents\Server\apache-tomcat-8.0.53\webapps\host-manager de la aplicación web
14-Jul-2021 08:19:25.893 INFORMACIÓN [localhost-startStop-1] org.apache.catalina.startup.HostConfig.deployDirectory Deployment of web application directory C:\Users\Trinidad\Documents\Server\apache-tomcat-8.0.53\webapps\host-manager has finished in 75 ms
14-Jul-2021 08:19:25.893 INFORMACIÓN [localhost-startStop-1] org.apache.catalina.startup.HostConfig.deployDirectory Despliegue del directorio C:\Users\Trinidad\Documents\Server\apache-tomcat-8.0.53\webapps\manager de la aplicación web
14-Jul-2021 08:19:25.967 INFORMACIÓN [localhost-startStop-1] org.apache.catalina.startup.HostConfig.deployDirectory Deployment of web application directory C:\Users\Trinidad\Documents\Server\apache-tomcat-8.0.53\webapps\manager has finished in 74 ms
14-Jul-2021 08:19:25.967 INFORMACIÓN [localhost-startStop-1] org.apache.catalina.startup.HostConfig.deployDirectory Despliegue del directorio C:\Users\Trinidad\Documents\Server\apache-tomcat-8.0.53\webapps\ROOT de la aplicación web
14-Jul-2021 08:19:26.013 INFORMACIÓN [localhost-startStop-1] org.apache.catalina.startup.HostConfig.deployDirectory Deployment of web application directory C:\Users\Trinidad\Documents\Server\apache-tomcat-8.0.53\webapps\ROOT has finished in 46 ms
14-Jul-2021 08:19:26.018 INFORMACIÓN [main] org.apache.coyote.AbstractProtocol.start Starting ProtocolHandler ["http-apr-8080"]
14-Jul-2021 08:19:26.050 INFORMACIÓN [main] org.apache.coyote.AbstractProtocol.start Starting ProtocolHandler ["ajp-apr-8009"]
14-Jul-2021 08:19:26.063 INFORMACIÓN [main] org.apache.catalina.startup.Catalina.start Server startup in 3102 ms
14-Jul-2021 10:52:20.307 INFORMACIÓN [main] org.apache.catalina.core.StandardServer.await Se ha recibido un comando de apagado a través del puerto de apagado. Parando la instancia del Servidor.
14-Jul-2021 10:52:20.389 INFORMACIÓN [main] org.apache.coyote.AbstractProtocol.pause Pausing ProtocolHandler ["http-apr-8080"]
14-Jul-2021 10:52:20.551 INFORMACIÓN [main] org.apache.coyote.AbstractProtocol.pause Pausing ProtocolHandler ["ajp-apr-8009"]
14-Jul-2021 10:52:20.611 INFORMACIÓN [main] org.apache.catalina.core.StandardService.stopInternal Parando servicio Catalina
14-Jul-2021 10:52:21.107 INFORMACIÓN [main] org.apache.coyote.AbstractProtocol.stop Stopping ProtocolHandler ["http-apr-8080"]
14-Jul-2021 10:52:21.283 INFORMACIÓN [main] org.apache.coyote.AbstractProtocol.stop Stopping ProtocolHandler ["ajp-apr-8009"]
14-Jul-2021 10:52:21.355 INFORMACIÓN [main] org.apache.coyote.AbstractProtocol.destroy Destroying ProtocolHandler ["http-apr-8080"]
14-Jul-2021 10:52:21.359 INFORMACIÓN [main] org.apache.coyote.AbstractProtocol.destroy Destroying ProtocolHandler ["ajp-apr-8009"]
