07-Jul-2021 12:36:25.434 INFORMACIÓN [main] org.apache.catalina.startup.VersionLoggerListener.log Server version:        Apache Tomcat/8.0.53
07-Jul-2021 12:36:25.438 INFORMACIÓN [main] org.apache.catalina.startup.VersionLoggerListener.log Server built:          Jun 29 2018 14:42:45 UTC
07-Jul-2021 12:36:25.439 INFORMACIÓN [main] org.apache.catalina.startup.VersionLoggerListener.log Server number:         8.0.53.0
07-Jul-2021 12:36:25.439 INFORMACIÓN [main] org.apache.catalina.startup.VersionLoggerListener.log OS Name:               Windows 10
07-Jul-2021 12:36:25.439 INFORMACIÓN [main] org.apache.catalina.startup.VersionLoggerListener.log OS Version:            10.0
07-Jul-2021 12:36:25.439 INFORMACIÓN [main] org.apache.catalina.startup.VersionLoggerListener.log Architecture:          amd64
07-Jul-2021 12:36:25.439 INFORMACIÓN [main] org.apache.catalina.startup.VersionLoggerListener.log Java Home:             C:\Program Files\AdoptOpenJDK\jdk-13.0.2.8-hotspot
07-Jul-2021 12:36:25.439 INFORMACIÓN [main] org.apache.catalina.startup.VersionLoggerListener.log JVM Version:           13.0.2+8
07-Jul-2021 12:36:25.440 INFORMACIÓN [main] org.apache.catalina.startup.VersionLoggerListener.log JVM Vendor:            AdoptOpenJDK
07-Jul-2021 12:36:25.440 INFORMACIÓN [main] org.apache.catalina.startup.VersionLoggerListener.log CATALINA_BASE:         C:\Users\Trinidad\Documents\Server\apache-tomcat-8.0.53
07-Jul-2021 12:36:25.440 INFORMACIÓN [main] org.apache.catalina.startup.VersionLoggerListener.log CATALINA_HOME:         C:\Users\Trinidad\Documents\Server\apache-tomcat-8.0.53
07-Jul-2021 12:36:25.442 INFORMACIÓN [main] org.apache.catalina.startup.VersionLoggerListener.log Command line argument: --add-opens=java.base/java.lang=ALL-UNNAMED
07-Jul-2021 12:36:25.443 INFORMACIÓN [main] org.apache.catalina.startup.VersionLoggerListener.log Command line argument: --add-opens=java.base/java.io=ALL-UNNAMED
07-Jul-2021 12:36:25.443 INFORMACIÓN [main] org.apache.catalina.startup.VersionLoggerListener.log Command line argument: --add-opens=java.rmi/sun.rmi.transport=ALL-UNNAMED
07-Jul-2021 12:36:25.443 INFORMACIÓN [main] org.apache.catalina.startup.VersionLoggerListener.log Command line argument: -Djava.util.logging.config.file=C:\Users\Trinidad\Documents\Server\apache-tomcat-8.0.53\conf\logging.properties
07-Jul-2021 12:36:25.443 INFORMACIÓN [main] org.apache.catalina.startup.VersionLoggerListener.log Command line argument: -Djava.util.logging.manager=org.apache.juli.ClassLoaderLogManager
07-Jul-2021 12:36:25.443 INFORMACIÓN [main] org.apache.catalina.startup.VersionLoggerListener.log Command line argument: -Dhttp.nonProxyHosts=localhost|127.0.0.1|NotebookTrini
07-Jul-2021 12:36:25.444 INFORMACIÓN [main] org.apache.catalina.startup.VersionLoggerListener.log Command line argument: -Djdk.tls.ephemeralDHKeySize=2048
07-Jul-2021 12:36:25.444 INFORMACIÓN [main] org.apache.catalina.startup.VersionLoggerListener.log Command line argument: -Djava.protocol.handler.pkgs=org.apache.catalina.webresources
07-Jul-2021 12:36:25.444 INFORMACIÓN [main] org.apache.catalina.startup.VersionLoggerListener.log Command line argument: -Dignore.endorsed.dirs=
07-Jul-2021 12:36:25.444 INFORMACIÓN [main] org.apache.catalina.startup.VersionLoggerListener.log Command line argument: -Dcatalina.base=C:\Users\Trinidad\Documents\Server\apache-tomcat-8.0.53
07-Jul-2021 12:36:25.444 INFORMACIÓN [main] org.apache.catalina.startup.VersionLoggerListener.log Command line argument: -Dcatalina.home=C:\Users\Trinidad\Documents\Server\apache-tomcat-8.0.53
07-Jul-2021 12:36:25.445 INFORMACIÓN [main] org.apache.catalina.startup.VersionLoggerListener.log Command line argument: -Djava.io.tmpdir=C:\Users\Trinidad\Documents\Server\apache-tomcat-8.0.53\temp
07-Jul-2021 12:36:25.445 INFORMACIÓN [main] org.apache.catalina.core.AprLifecycleListener.lifecycleEvent Cargada la biblioteca nativa APR de Apache Tomcat 1.2.17 con la versión APR 1.6.3.
07-Jul-2021 12:36:25.445 INFORMACIÓN [main] org.apache.catalina.core.AprLifecycleListener.lifecycleEvent Capacidades APR: IPv6 [true], enviar fichero [true], aceptar filtros [false], aleatorio [true].
07-Jul-2021 12:36:26.688 INFORMACIÓN [main] org.apache.catalina.core.AprLifecycleListener.initializeSSL OpenSSL inicializado correctamente (OpenSSL 1.0.2o  27 Mar 2018)
07-Jul-2021 12:36:26.792 INFORMACIÓN [main] org.apache.coyote.AbstractProtocol.init Initializing ProtocolHandler ["http-apr-8080"]
07-Jul-2021 12:36:26.810 INFORMACIÓN [main] org.apache.coyote.AbstractProtocol.init Initializing ProtocolHandler ["ajp-apr-8009"]
07-Jul-2021 12:36:26.814 INFORMACIÓN [main] org.apache.catalina.startup.Catalina.load Initialization processed in 2521 ms
07-Jul-2021 12:36:26.969 INFORMACIÓN [main] org.apache.catalina.core.StandardService.startInternal Arrancando servicio Catalina
07-Jul-2021 12:36:26.969 INFORMACIÓN [main] org.apache.catalina.core.StandardEngine.startInternal Starting Servlet Engine: Apache Tomcat/8.0.53
07-Jul-2021 12:36:27.054 INFORMACIÓN [localhost-startStop-1] org.apache.catalina.startup.HostConfig.deployDirectory Despliegue del directorio C:\Users\Trinidad\Documents\Server\apache-tomcat-8.0.53\webapps\docs de la aplicación web
07-Jul-2021 12:36:27.968 ADVERTENCIA [localhost-startStop-1] org.apache.catalina.util.SessionIdGeneratorBase.createSecureRandom Creation of SecureRandom instance for session ID generation using [SHA1PRNG] took [302] milliseconds.
07-Jul-2021 12:36:28.033 INFORMACIÓN [localhost-startStop-1] org.apache.catalina.startup.HostConfig.deployDirectory Deployment of web application directory C:\Users\Trinidad\Documents\Server\apache-tomcat-8.0.53\webapps\docs has finished in 980 ms
07-Jul-2021 12:36:28.034 INFORMACIÓN [localhost-startStop-1] org.apache.catalina.startup.HostConfig.deployDirectory Despliegue del directorio C:\Users\Trinidad\Documents\Server\apache-tomcat-8.0.53\webapps\examples de la aplicación web
07-Jul-2021 12:36:29.375 INFORMACIÓN [localhost-startStop-1] org.apache.catalina.startup.HostConfig.deployDirectory Deployment of web application directory C:\Users\Trinidad\Documents\Server\apache-tomcat-8.0.53\webapps\examples has finished in 1.340 ms
07-Jul-2021 12:36:29.375 INFORMACIÓN [localhost-startStop-1] org.apache.catalina.startup.HostConfig.deployDirectory Despliegue del directorio C:\Users\Trinidad\Documents\Server\apache-tomcat-8.0.53\webapps\host-manager de la aplicación web
07-Jul-2021 12:36:29.468 INFORMACIÓN [localhost-startStop-1] org.apache.catalina.startup.HostConfig.deployDirectory Deployment of web application directory C:\Users\Trinidad\Documents\Server\apache-tomcat-8.0.53\webapps\host-manager has finished in 93 ms
07-Jul-2021 12:36:29.469 INFORMACIÓN [localhost-startStop-1] org.apache.catalina.startup.HostConfig.deployDirectory Despliegue del directorio C:\Users\Trinidad\Documents\Server\apache-tomcat-8.0.53\webapps\manager de la aplicación web
07-Jul-2021 12:36:29.565 INFORMACIÓN [localhost-startStop-1] org.apache.catalina.startup.HostConfig.deployDirectory Deployment of web application directory C:\Users\Trinidad\Documents\Server\apache-tomcat-8.0.53\webapps\manager has finished in 96 ms
07-Jul-2021 12:36:29.565 INFORMACIÓN [localhost-startStop-1] org.apache.catalina.startup.HostConfig.deployDirectory Despliegue del directorio C:\Users\Trinidad\Documents\Server\apache-tomcat-8.0.53\webapps\ROOT de la aplicación web
07-Jul-2021 12:36:29.617 INFORMACIÓN [localhost-startStop-1] org.apache.catalina.startup.HostConfig.deployDirectory Deployment of web application directory C:\Users\Trinidad\Documents\Server\apache-tomcat-8.0.53\webapps\ROOT has finished in 51 ms
07-Jul-2021 12:36:29.627 INFORMACIÓN [main] org.apache.coyote.AbstractProtocol.start Starting ProtocolHandler ["http-apr-8080"]
07-Jul-2021 12:36:29.676 INFORMACIÓN [main] org.apache.coyote.AbstractProtocol.start Starting ProtocolHandler ["ajp-apr-8009"]
07-Jul-2021 12:36:29.694 INFORMACIÓN [main] org.apache.catalina.startup.Catalina.start Server startup in 2881 ms
07-Jul-2021 12:36:30.427 INFORMACIÓN [http-apr-8080-exec-4] org.apache.catalina.startup.HostConfig.deployDescriptor Desplieque del descriptor de configuración C:\Users\Trinidad\Documents\Server\apache-tomcat-8.0.53\conf\Catalina\localhost\PruebaWeb.xml
07-Jul-2021 12:36:30.599 INFORMACIÓN [http-apr-8080-exec-4] org.apache.catalina.startup.HostConfig.deployDescriptor Deployment of configuration descriptor C:\Users\Trinidad\Documents\Server\apache-tomcat-8.0.53\conf\Catalina\localhost\PruebaWeb.xml has finished in 171 ms
07-Jul-2021 12:36:30.606 INFORMACIÓN [http-apr-8080-exec-3] org.apache.catalina.util.LifecycleBase.start The start() method was called on component [StandardEngine[Catalina].StandardHost[localhost].StandardContext[/PruebaWeb]] after start() had already been called. The second call will be ignored.
07-Jul-2021 12:36:53.994 INFORMACIÓN [http-apr-8080-exec-8] org.apache.coyote.http11.AbstractHttp11Processor.process Error analizando cabecera de requerimiento HTTP
 Note: further occurrences of HTTP header parsing errors will be logged at DEBUG level.
 java.lang.IllegalArgumentException: Carácter inválido (CR o LF) hallado en el nombre del método
	at org.apache.coyote.http11.InternalAprInputBuffer.parseRequestLine(InternalAprInputBuffer.java:190)
	at org.apache.coyote.http11.AbstractHttp11Processor.process(AbstractHttp11Processor.java:1065)
	at org.apache.coyote.AbstractProtocol$AbstractConnectionHandler.process(AbstractProtocol.java:684)
	at org.apache.tomcat.util.net.AprEndpoint$SocketProcessor.doRun(AprEndpoint.java:2527)
	at org.apache.tomcat.util.net.AprEndpoint$SocketProcessor.run(AprEndpoint.java:2516)
	at java.base/java.util.concurrent.ThreadPoolExecutor.runWorker(ThreadPoolExecutor.java:1128)
	at java.base/java.util.concurrent.ThreadPoolExecutor$Worker.run(ThreadPoolExecutor.java:628)
	at org.apache.tomcat.util.threads.TaskThread$WrappingRunnable.run(TaskThread.java:61)
	at java.base/java.lang.Thread.run(Thread.java:830)

07-Jul-2021 12:57:07.471 INFORMACIÓN [http-apr-8080-exec-2] org.apache.catalina.core.StandardContext.reload Ha comenzado la recarga de Contexto [/PruebaWeb]
07-Jul-2021 12:57:08.115 INFORMACIÓN [http-apr-8080-exec-2] org.apache.catalina.core.StandardContext.reload Se ha completado la recarga de este Contexto
07-Jul-2021 12:57:42.161 INFORMACIÓN [http-apr-8080-exec-11] org.apache.catalina.core.StandardContext.reload Ha comenzado la recarga de Contexto [/PruebaWeb]
07-Jul-2021 12:57:42.296 INFORMACIÓN [http-apr-8080-exec-11] org.apache.catalina.core.StandardContext.reload Se ha completado la recarga de este Contexto
07-Jul-2021 13:03:22.987 INFORMACIÓN [http-apr-8080-exec-13] org.apache.catalina.core.StandardContext.reload Ha comenzado la recarga de Contexto [/PruebaWeb]
07-Jul-2021 13:03:23.082 INFORMACIÓN [http-apr-8080-exec-13] org.apache.catalina.core.StandardContext.reload Se ha completado la recarga de este Contexto
07-Jul-2021 13:29:26.813 INFORMACIÓN [main] org.apache.catalina.core.StandardServer.await Se ha recibido un comando de apagado a través del puerto de apagado. Parando la instancia del Servidor.
07-Jul-2021 13:29:26.826 INFORMACIÓN [main] org.apache.coyote.AbstractProtocol.pause Pausing ProtocolHandler ["http-apr-8080"]
07-Jul-2021 13:29:26.923 INFORMACIÓN [main] org.apache.coyote.AbstractProtocol.pause Pausing ProtocolHandler ["ajp-apr-8009"]
07-Jul-2021 13:29:26.976 INFORMACIÓN [main] org.apache.catalina.core.StandardService.stopInternal Parando servicio Catalina
07-Jul-2021 13:29:27.105 INFORMACIÓN [main] org.apache.coyote.AbstractProtocol.stop Stopping ProtocolHandler ["http-apr-8080"]
07-Jul-2021 13:29:27.170 INFORMACIÓN [main] org.apache.coyote.AbstractProtocol.stop Stopping ProtocolHandler ["ajp-apr-8009"]
07-Jul-2021 13:29:27.245 INFORMACIÓN [main] org.apache.coyote.AbstractProtocol.destroy Destroying ProtocolHandler ["http-apr-8080"]
07-Jul-2021 13:29:27.246 INFORMACIÓN [main] org.apache.coyote.AbstractProtocol.destroy Destroying ProtocolHandler ["ajp-apr-8009"]
