17-Jul-2021 15:04:08.007 INFORMACIÓN [main] org.apache.catalina.startup.VersionLoggerListener.log Server version:        Apache Tomcat/8.0.53
17-Jul-2021 15:04:08.012 INFORMACIÓN [main] org.apache.catalina.startup.VersionLoggerListener.log Server built:          Jun 29 2018 14:42:45 UTC
17-Jul-2021 15:04:08.013 INFORMACIÓN [main] org.apache.catalina.startup.VersionLoggerListener.log Server number:         8.0.53.0
17-Jul-2021 15:04:08.013 INFORMACIÓN [main] org.apache.catalina.startup.VersionLoggerListener.log OS Name:               Windows 10
17-Jul-2021 15:04:08.013 INFORMACIÓN [main] org.apache.catalina.startup.VersionLoggerListener.log OS Version:            10.0
17-Jul-2021 15:04:08.013 INFORMACIÓN [main] org.apache.catalina.startup.VersionLoggerListener.log Architecture:          amd64
17-Jul-2021 15:04:08.013 INFORMACIÓN [main] org.apache.catalina.startup.VersionLoggerListener.log Java Home:             C:\Program Files\AdoptOpenJDK\jdk-13.0.2.8-hotspot
17-Jul-2021 15:04:08.013 INFORMACIÓN [main] org.apache.catalina.startup.VersionLoggerListener.log JVM Version:           13.0.2+8
17-Jul-2021 15:04:08.014 INFORMACIÓN [main] org.apache.catalina.startup.VersionLoggerListener.log JVM Vendor:            AdoptOpenJDK
17-Jul-2021 15:04:08.014 INFORMACIÓN [main] org.apache.catalina.startup.VersionLoggerListener.log CATALINA_BASE:         C:\Users\Trinidad\Documents\Server\apache-tomcat-8.0.53
17-Jul-2021 15:04:08.014 INFORMACIÓN [main] org.apache.catalina.startup.VersionLoggerListener.log CATALINA_HOME:         C:\Users\Trinidad\Documents\Server\apache-tomcat-8.0.53
17-Jul-2021 15:04:08.016 INFORMACIÓN [main] org.apache.catalina.startup.VersionLoggerListener.log Command line argument: --add-opens=java.base/java.lang=ALL-UNNAMED
17-Jul-2021 15:04:08.016 INFORMACIÓN [main] org.apache.catalina.startup.VersionLoggerListener.log Command line argument: --add-opens=java.base/java.io=ALL-UNNAMED
17-Jul-2021 15:04:08.016 INFORMACIÓN [main] org.apache.catalina.startup.VersionLoggerListener.log Command line argument: --add-opens=java.rmi/sun.rmi.transport=ALL-UNNAMED
17-Jul-2021 15:04:08.016 INFORMACIÓN [main] org.apache.catalina.startup.VersionLoggerListener.log Command line argument: -Djava.util.logging.config.file=C:\Users\Trinidad\Documents\Server\apache-tomcat-8.0.53\conf\logging.properties
17-Jul-2021 15:04:08.016 INFORMACIÓN [main] org.apache.catalina.startup.VersionLoggerListener.log Command line argument: -Djava.util.logging.manager=org.apache.juli.ClassLoaderLogManager
17-Jul-2021 15:04:08.017 INFORMACIÓN [main] org.apache.catalina.startup.VersionLoggerListener.log Command line argument: -Dhttp.nonProxyHosts=localhost|127.0.0.1|NotebookTrini
17-Jul-2021 15:04:08.017 INFORMACIÓN [main] org.apache.catalina.startup.VersionLoggerListener.log Command line argument: -Djdk.tls.ephemeralDHKeySize=2048
17-Jul-2021 15:04:08.017 INFORMACIÓN [main] org.apache.catalina.startup.VersionLoggerListener.log Command line argument: -Djava.protocol.handler.pkgs=org.apache.catalina.webresources
17-Jul-2021 15:04:08.017 INFORMACIÓN [main] org.apache.catalina.startup.VersionLoggerListener.log Command line argument: -Dignore.endorsed.dirs=
17-Jul-2021 15:04:08.017 INFORMACIÓN [main] org.apache.catalina.startup.VersionLoggerListener.log Command line argument: -Dcatalina.base=C:\Users\Trinidad\Documents\Server\apache-tomcat-8.0.53
17-Jul-2021 15:04:08.017 INFORMACIÓN [main] org.apache.catalina.startup.VersionLoggerListener.log Command line argument: -Dcatalina.home=C:\Users\Trinidad\Documents\Server\apache-tomcat-8.0.53
17-Jul-2021 15:04:08.017 INFORMACIÓN [main] org.apache.catalina.startup.VersionLoggerListener.log Command line argument: -Djava.io.tmpdir=C:\Users\Trinidad\Documents\Server\apache-tomcat-8.0.53\temp
17-Jul-2021 15:04:08.018 INFORMACIÓN [main] org.apache.catalina.core.AprLifecycleListener.lifecycleEvent Cargada la biblioteca nativa APR de Apache Tomcat 1.2.17 con la versión APR 1.6.3.
17-Jul-2021 15:04:08.018 INFORMACIÓN [main] org.apache.catalina.core.AprLifecycleListener.lifecycleEvent Capacidades APR: IPv6 [true], enviar fichero [true], aceptar filtros [false], aleatorio [true].
17-Jul-2021 15:04:09.155 INFORMACIÓN [main] org.apache.catalina.core.AprLifecycleListener.initializeSSL OpenSSL inicializado correctamente (OpenSSL 1.0.2o  27 Mar 2018)
17-Jul-2021 15:04:09.243 INFORMACIÓN [main] org.apache.coyote.AbstractProtocol.init Initializing ProtocolHandler ["http-apr-8080"]
17-Jul-2021 15:04:09.259 INFORMACIÓN [main] org.apache.coyote.AbstractProtocol.init Initializing ProtocolHandler ["ajp-apr-8009"]
17-Jul-2021 15:04:09.262 INFORMACIÓN [main] org.apache.catalina.startup.Catalina.load Initialization processed in 2334 ms
17-Jul-2021 15:04:09.399 INFORMACIÓN [main] org.apache.catalina.core.StandardService.startInternal Arrancando servicio Catalina
17-Jul-2021 15:04:09.399 INFORMACIÓN [main] org.apache.catalina.core.StandardEngine.startInternal Starting Servlet Engine: Apache Tomcat/8.0.53
17-Jul-2021 15:04:09.456 INFORMACIÓN [localhost-startStop-1] org.apache.catalina.startup.HostConfig.deployDescriptor Desplieque del descriptor de configuración C:\Users\Trinidad\Documents\Server\apache-tomcat-8.0.53\conf\Catalina\localhost\PruebaWeb.xml
17-Jul-2021 15:04:10.665 ADVERTENCIA [localhost-startStop-1] org.apache.catalina.util.SessionIdGeneratorBase.createSecureRandom Creation of SecureRandom instance for session ID generation using [SHA1PRNG] took [297] milliseconds.
17-Jul-2021 15:04:10.720 INFORMACIÓN [localhost-startStop-1] org.apache.catalina.startup.HostConfig.deployDescriptor Deployment of configuration descriptor C:\Users\Trinidad\Documents\Server\apache-tomcat-8.0.53\conf\Catalina\localhost\PruebaWeb.xml has finished in 1.265 ms
17-Jul-2021 15:04:10.724 INFORMACIÓN [localhost-startStop-1] org.apache.catalina.startup.HostConfig.deployDirectory Despliegue del directorio C:\Users\Trinidad\Documents\Server\apache-tomcat-8.0.53\webapps\docs de la aplicación web
17-Jul-2021 15:04:10.791 INFORMACIÓN [localhost-startStop-1] org.apache.catalina.startup.HostConfig.deployDirectory Deployment of web application directory C:\Users\Trinidad\Documents\Server\apache-tomcat-8.0.53\webapps\docs has finished in 67 ms
17-Jul-2021 15:04:10.792 INFORMACIÓN [localhost-startStop-1] org.apache.catalina.startup.HostConfig.deployDirectory Despliegue del directorio C:\Users\Trinidad\Documents\Server\apache-tomcat-8.0.53\webapps\examples de la aplicación web
17-Jul-2021 15:04:12.111 INFORMACIÓN [localhost-startStop-1] org.apache.catalina.startup.HostConfig.deployDirectory Deployment of web application directory C:\Users\Trinidad\Documents\Server\apache-tomcat-8.0.53\webapps\examples has finished in 1.319 ms
17-Jul-2021 15:04:12.112 INFORMACIÓN [localhost-startStop-1] org.apache.catalina.startup.HostConfig.deployDirectory Despliegue del directorio C:\Users\Trinidad\Documents\Server\apache-tomcat-8.0.53\webapps\host-manager de la aplicación web
17-Jul-2021 15:04:12.192 INFORMACIÓN [localhost-startStop-1] org.apache.catalina.startup.HostConfig.deployDirectory Deployment of web application directory C:\Users\Trinidad\Documents\Server\apache-tomcat-8.0.53\webapps\host-manager has finished in 80 ms
17-Jul-2021 15:04:12.192 INFORMACIÓN [localhost-startStop-1] org.apache.catalina.startup.HostConfig.deployDirectory Despliegue del directorio C:\Users\Trinidad\Documents\Server\apache-tomcat-8.0.53\webapps\manager de la aplicación web
17-Jul-2021 15:04:12.263 INFORMACIÓN [localhost-startStop-1] org.apache.catalina.startup.HostConfig.deployDirectory Deployment of web application directory C:\Users\Trinidad\Documents\Server\apache-tomcat-8.0.53\webapps\manager has finished in 71 ms
17-Jul-2021 15:04:12.263 INFORMACIÓN [localhost-startStop-1] org.apache.catalina.startup.HostConfig.deployDirectory Despliegue del directorio C:\Users\Trinidad\Documents\Server\apache-tomcat-8.0.53\webapps\ROOT de la aplicación web
17-Jul-2021 15:04:12.324 INFORMACIÓN [localhost-startStop-1] org.apache.catalina.startup.HostConfig.deployDirectory Deployment of web application directory C:\Users\Trinidad\Documents\Server\apache-tomcat-8.0.53\webapps\ROOT has finished in 61 ms
17-Jul-2021 15:04:12.331 INFORMACIÓN [main] org.apache.coyote.AbstractProtocol.start Starting ProtocolHandler ["http-apr-8080"]
17-Jul-2021 15:04:12.361 INFORMACIÓN [main] org.apache.coyote.AbstractProtocol.start Starting ProtocolHandler ["ajp-apr-8009"]
17-Jul-2021 15:04:12.397 INFORMACIÓN [main] org.apache.catalina.startup.Catalina.start Server startup in 3134 ms
17-Jul-2021 15:04:12.675 INFORMACIÓN [http-apr-8080-exec-4] org.apache.catalina.core.StandardContext.reload Ha comenzado la recarga de Contexto [/PruebaWeb]
17-Jul-2021 15:04:12.775 INFORMACIÓN [http-apr-8080-exec-4] org.apache.catalina.core.StandardContext.reload Se ha completado la recarga de este Contexto
17-Jul-2021 15:21:01.738 INFORMACIÓN [http-apr-8080-exec-11] org.apache.catalina.core.StandardContext.reload Ha comenzado la recarga de Contexto [/PruebaWeb]
17-Jul-2021 15:21:01.880 INFORMACIÓN [http-apr-8080-exec-11] org.apache.catalina.core.StandardContext.reload Se ha completado la recarga de este Contexto
17-Jul-2021 15:21:36.686 INFORMACIÓN [http-apr-8080-exec-12] org.apache.catalina.core.StandardContext.reload Ha comenzado la recarga de Contexto [/PruebaWeb]
17-Jul-2021 15:21:36.769 INFORMACIÓN [http-apr-8080-exec-12] org.apache.catalina.core.StandardContext.reload Se ha completado la recarga de este Contexto
17-Jul-2021 15:21:43.835 INFORMACIÓN [http-apr-8080-exec-18] org.apache.catalina.core.StandardContext.reload Ha comenzado la recarga de Contexto [/PruebaWeb]
17-Jul-2021 15:21:43.930 INFORMACIÓN [http-apr-8080-exec-18] org.apache.catalina.core.StandardContext.reload Se ha completado la recarga de este Contexto
17-Jul-2021 15:22:58.006 INFORMACIÓN [http-apr-8080-exec-23] org.apache.catalina.core.StandardContext.reload Ha comenzado la recarga de Contexto [/PruebaWeb]
17-Jul-2021 15:22:58.093 INFORMACIÓN [http-apr-8080-exec-23] org.apache.catalina.core.StandardContext.reload Se ha completado la recarga de este Contexto
17-Jul-2021 15:23:40.881 INFORMACIÓN [http-apr-8080-exec-26] org.apache.catalina.core.StandardContext.reload Ha comenzado la recarga de Contexto [/PruebaWeb]
17-Jul-2021 15:23:40.984 INFORMACIÓN [http-apr-8080-exec-26] org.apache.catalina.core.StandardContext.reload Se ha completado la recarga de este Contexto
17-Jul-2021 15:27:51.789 INFORMACIÓN [http-apr-8080-exec-18] org.apache.catalina.core.StandardContext.reload Ha comenzado la recarga de Contexto [/PruebaWeb]
17-Jul-2021 15:27:52.000 INFORMACIÓN [http-apr-8080-exec-18] org.apache.catalina.core.StandardContext.reload Se ha completado la recarga de este Contexto
17-Jul-2021 15:27:54.011 INFORMACIÓN [http-apr-8080-exec-30] org.apache.catalina.core.StandardContext.reload Ha comenzado la recarga de Contexto [/PruebaWeb]
17-Jul-2021 15:27:54.143 INFORMACIÓN [http-apr-8080-exec-30] org.apache.catalina.core.StandardContext.reload Se ha completado la recarga de este Contexto
17-Jul-2021 15:28:04.286 INFORMACIÓN [http-apr-8080-exec-31] org.apache.catalina.core.StandardContext.reload Ha comenzado la recarga de Contexto [/PruebaWeb]
17-Jul-2021 15:28:04.474 INFORMACIÓN [http-apr-8080-exec-31] org.apache.catalina.core.StandardContext.reload Se ha completado la recarga de este Contexto
17-Jul-2021 15:28:06.236 INFORMACIÓN [http-apr-8080-exec-33] org.apache.catalina.core.StandardContext.reload Ha comenzado la recarga de Contexto [/PruebaWeb]
17-Jul-2021 15:28:06.444 INFORMACIÓN [http-apr-8080-exec-33] org.apache.catalina.core.StandardContext.reload Se ha completado la recarga de este Contexto
17-Jul-2021 15:30:03.773 INFORMACIÓN [http-apr-8080-exec-31] org.apache.catalina.core.StandardContext.reload Ha comenzado la recarga de Contexto [/PruebaWeb]
17-Jul-2021 15:30:03.881 INFORMACIÓN [http-apr-8080-exec-31] org.apache.catalina.core.StandardContext.reload Se ha completado la recarga de este Contexto
17-Jul-2021 15:30:20.341 INFORMACIÓN [http-apr-8080-exec-32] org.apache.catalina.core.StandardContext.reload Ha comenzado la recarga de Contexto [/PruebaWeb]
17-Jul-2021 15:30:20.475 INFORMACIÓN [http-apr-8080-exec-32] org.apache.catalina.core.StandardContext.reload Se ha completado la recarga de este Contexto
17-Jul-2021 15:30:22.062 INFORMACIÓN [http-apr-8080-exec-33] org.apache.catalina.core.StandardContext.reload Ha comenzado la recarga de Contexto [/PruebaWeb]
17-Jul-2021 15:30:22.179 INFORMACIÓN [http-apr-8080-exec-33] org.apache.catalina.core.StandardContext.reload Se ha completado la recarga de este Contexto
17-Jul-2021 15:32:48.465 INFORMACIÓN [http-apr-8080-exec-31] org.apache.catalina.core.StandardContext.reload Ha comenzado la recarga de Contexto [/PruebaWeb]
17-Jul-2021 15:32:48.829 INFORMACIÓN [http-apr-8080-exec-31] org.apache.jasper.servlet.TldScanner.scanJars Al menos un JAR, que se ha explorado buscando TLDs, aún no contenía TLDs. Activar historial de depuración para este historiador para una completa lista de los JARs que fueron explorados y de los que nos se halló TLDs. Saltarse JARs no necesarios durante la exploración puede dar lugar a una mejora de tiempo significativa en el arranque y compilación de JSP .
17-Jul-2021 15:32:48.855 INFORMACIÓN [http-apr-8080-exec-31] org.apache.catalina.core.StandardContext.reload Se ha completado la recarga de este Contexto
17-Jul-2021 15:32:51.966 INFORMACIÓN [http-apr-8080-exec-31] org.apache.catalina.core.StandardContext.reload Ha comenzado la recarga de Contexto [/PruebaWeb]
17-Jul-2021 15:32:52.216 INFORMACIÓN [http-apr-8080-exec-31] org.apache.jasper.servlet.TldScanner.scanJars Al menos un JAR, que se ha explorado buscando TLDs, aún no contenía TLDs. Activar historial de depuración para este historiador para una completa lista de los JARs que fueron explorados y de los que nos se halló TLDs. Saltarse JARs no necesarios durante la exploración puede dar lugar a una mejora de tiempo significativa en el arranque y compilación de JSP .
17-Jul-2021 15:32:52.230 INFORMACIÓN [http-apr-8080-exec-31] org.apache.catalina.core.StandardContext.reload Se ha completado la recarga de este Contexto
17-Jul-2021 15:33:02.760 INFORMACIÓN [http-apr-8080-exec-32] org.apache.catalina.core.StandardContext.reload Ha comenzado la recarga de Contexto [/PruebaWeb]
17-Jul-2021 15:33:02.972 INFORMACIÓN [http-apr-8080-exec-32] org.apache.jasper.servlet.TldScanner.scanJars Al menos un JAR, que se ha explorado buscando TLDs, aún no contenía TLDs. Activar historial de depuración para este historiador para una completa lista de los JARs que fueron explorados y de los que nos se halló TLDs. Saltarse JARs no necesarios durante la exploración puede dar lugar a una mejora de tiempo significativa en el arranque y compilación de JSP .
17-Jul-2021 15:33:02.984 INFORMACIÓN [http-apr-8080-exec-32] org.apache.catalina.core.StandardContext.reload Se ha completado la recarga de este Contexto
17-Jul-2021 15:33:48.798 INFORMACIÓN [http-apr-8080-exec-40] org.apache.catalina.core.StandardContext.reload Ha comenzado la recarga de Contexto [/PruebaWeb]
17-Jul-2021 15:33:49.004 INFORMACIÓN [http-apr-8080-exec-40] org.apache.jasper.servlet.TldScanner.scanJars Al menos un JAR, que se ha explorado buscando TLDs, aún no contenía TLDs. Activar historial de depuración para este historiador para una completa lista de los JARs que fueron explorados y de los que nos se halló TLDs. Saltarse JARs no necesarios durante la exploración puede dar lugar a una mejora de tiempo significativa en el arranque y compilación de JSP .
17-Jul-2021 15:33:49.020 INFORMACIÓN [http-apr-8080-exec-40] org.apache.catalina.core.StandardContext.reload Se ha completado la recarga de este Contexto
17-Jul-2021 15:35:43.953 INFORMACIÓN [http-apr-8080-exec-32] org.apache.catalina.core.StandardContext.reload Ha comenzado la recarga de Contexto [/PruebaWeb]
17-Jul-2021 15:35:44.144 INFORMACIÓN [http-apr-8080-exec-32] org.apache.jasper.servlet.TldScanner.scanJars Al menos un JAR, que se ha explorado buscando TLDs, aún no contenía TLDs. Activar historial de depuración para este historiador para una completa lista de los JARs que fueron explorados y de los que nos se halló TLDs. Saltarse JARs no necesarios durante la exploración puede dar lugar a una mejora de tiempo significativa en el arranque y compilación de JSP .
17-Jul-2021 15:35:44.157 INFORMACIÓN [http-apr-8080-exec-32] org.apache.catalina.core.StandardContext.reload Se ha completado la recarga de este Contexto
17-Jul-2021 15:35:52.997 INFORMACIÓN [http-apr-8080-exec-44] org.apache.catalina.core.StandardContext.reload Ha comenzado la recarga de Contexto [/PruebaWeb]
17-Jul-2021 15:35:53.170 INFORMACIÓN [http-apr-8080-exec-44] org.apache.jasper.servlet.TldScanner.scanJars Al menos un JAR, que se ha explorado buscando TLDs, aún no contenía TLDs. Activar historial de depuración para este historiador para una completa lista de los JARs que fueron explorados y de los que nos se halló TLDs. Saltarse JARs no necesarios durante la exploración puede dar lugar a una mejora de tiempo significativa en el arranque y compilación de JSP .
17-Jul-2021 15:35:53.181 INFORMACIÓN [http-apr-8080-exec-44] org.apache.catalina.core.StandardContext.reload Se ha completado la recarga de este Contexto
17-Jul-2021 15:38:58.455 INFORMACIÓN [http-apr-8080-exec-44] org.apache.catalina.core.StandardContext.reload Ha comenzado la recarga de Contexto [/PruebaWeb]
17-Jul-2021 15:39:28.243 INFORMACIÓN [http-apr-8080-exec-44] org.apache.jasper.servlet.TldScanner.scanJars Al menos un JAR, que se ha explorado buscando TLDs, aún no contenía TLDs. Activar historial de depuración para este historiador para una completa lista de los JARs que fueron explorados y de los que nos se halló TLDs. Saltarse JARs no necesarios durante la exploración puede dar lugar a una mejora de tiempo significativa en el arranque y compilación de JSP .
17-Jul-2021 15:39:28.260 INFORMACIÓN [http-apr-8080-exec-44] org.apache.catalina.core.StandardContext.reload Se ha completado la recarga de este Contexto
17-Jul-2021 15:39:28.356 INFORMACIÓN [http-apr-8080-exec-41] org.apache.catalina.core.StandardContext.reload Ha comenzado la recarga de Contexto [/PruebaWeb]
17-Jul-2021 15:39:40.306 INFORMACIÓN [http-apr-8080-exec-41] org.apache.jasper.servlet.TldScanner.scanJars Al menos un JAR, que se ha explorado buscando TLDs, aún no contenía TLDs. Activar historial de depuración para este historiador para una completa lista de los JARs que fueron explorados y de los que nos se halló TLDs. Saltarse JARs no necesarios durante la exploración puede dar lugar a una mejora de tiempo significativa en el arranque y compilación de JSP .
17-Jul-2021 15:39:40.322 INFORMACIÓN [http-apr-8080-exec-41] org.apache.catalina.core.StandardContext.reload Se ha completado la recarga de este Contexto
17-Jul-2021 15:40:53.280 INFORMACIÓN [http-apr-8080-exec-59] org.apache.catalina.core.StandardContext.reload Ha comenzado la recarga de Contexto [/PruebaWeb]
17-Jul-2021 15:41:07.074 INFORMACIÓN [http-apr-8080-exec-59] org.apache.jasper.servlet.TldScanner.scanJars Al menos un JAR, que se ha explorado buscando TLDs, aún no contenía TLDs. Activar historial de depuración para este historiador para una completa lista de los JARs que fueron explorados y de los que nos se halló TLDs. Saltarse JARs no necesarios durante la exploración puede dar lugar a una mejora de tiempo significativa en el arranque y compilación de JSP .
17-Jul-2021 15:41:07.083 INFORMACIÓN [http-apr-8080-exec-59] org.apache.catalina.core.StandardContext.reload Se ha completado la recarga de este Contexto
17-Jul-2021 15:42:24.714 INFORMACIÓN [http-apr-8080-exec-63] org.apache.catalina.core.StandardContext.reload Ha comenzado la recarga de Contexto [/PruebaWeb]
17-Jul-2021 15:42:39.913 INFORMACIÓN [http-apr-8080-exec-63] org.apache.jasper.servlet.TldScanner.scanJars Al menos un JAR, que se ha explorado buscando TLDs, aún no contenía TLDs. Activar historial de depuración para este historiador para una completa lista de los JARs que fueron explorados y de los que nos se halló TLDs. Saltarse JARs no necesarios durante la exploración puede dar lugar a una mejora de tiempo significativa en el arranque y compilación de JSP .
17-Jul-2021 15:42:39.925 INFORMACIÓN [http-apr-8080-exec-63] org.apache.catalina.core.StandardContext.reload Se ha completado la recarga de este Contexto
17-Jul-2021 15:42:39.989 INFORMACIÓN [http-apr-8080-exec-62] org.apache.catalina.core.StandardContext.reload Ha comenzado la recarga de Contexto [/PruebaWeb]
17-Jul-2021 15:42:52.330 INFORMACIÓN [http-apr-8080-exec-62] org.apache.jasper.servlet.TldScanner.scanJars Al menos un JAR, que se ha explorado buscando TLDs, aún no contenía TLDs. Activar historial de depuración para este historiador para una completa lista de los JARs que fueron explorados y de los que nos se halló TLDs. Saltarse JARs no necesarios durante la exploración puede dar lugar a una mejora de tiempo significativa en el arranque y compilación de JSP .
17-Jul-2021 15:42:52.345 INFORMACIÓN [http-apr-8080-exec-62] org.apache.catalina.core.StandardContext.reload Se ha completado la recarga de este Contexto
17-Jul-2021 15:44:35.770 INFORMACIÓN [http-apr-8080-exec-68] org.apache.catalina.core.StandardContext.reload Ha comenzado la recarga de Contexto [/PruebaWeb]
17-Jul-2021 15:44:52.489 INFORMACIÓN [http-apr-8080-exec-68] org.apache.jasper.servlet.TldScanner.scanJars Al menos un JAR, que se ha explorado buscando TLDs, aún no contenía TLDs. Activar historial de depuración para este historiador para una completa lista de los JARs que fueron explorados y de los que nos se halló TLDs. Saltarse JARs no necesarios durante la exploración puede dar lugar a una mejora de tiempo significativa en el arranque y compilación de JSP .
17-Jul-2021 15:44:52.509 INFORMACIÓN [http-apr-8080-exec-68] org.apache.catalina.core.StandardContext.reload Se ha completado la recarga de este Contexto
17-Jul-2021 15:45:21.137 INFORMACIÓN [http-apr-8080-exec-70] org.apache.catalina.core.StandardContext.reload Ha comenzado la recarga de Contexto [/PruebaWeb]
17-Jul-2021 15:45:36.742 INFORMACIÓN [http-apr-8080-exec-70] org.apache.jasper.servlet.TldScanner.scanJars Al menos un JAR, que se ha explorado buscando TLDs, aún no contenía TLDs. Activar historial de depuración para este historiador para una completa lista de los JARs que fueron explorados y de los que nos se halló TLDs. Saltarse JARs no necesarios durante la exploración puede dar lugar a una mejora de tiempo significativa en el arranque y compilación de JSP .
17-Jul-2021 15:45:36.754 INFORMACIÓN [http-apr-8080-exec-70] org.apache.catalina.core.StandardContext.reload Se ha completado la recarga de este Contexto
17-Jul-2021 15:45:56.361 INFORMACIÓN [http-apr-8080-exec-73] org.apache.catalina.core.StandardContext.reload Ha comenzado la recarga de Contexto [/PruebaWeb]
17-Jul-2021 15:46:08.499 INFORMACIÓN [http-apr-8080-exec-73] org.apache.jasper.servlet.TldScanner.scanJars Al menos un JAR, que se ha explorado buscando TLDs, aún no contenía TLDs. Activar historial de depuración para este historiador para una completa lista de los JARs que fueron explorados y de los que nos se halló TLDs. Saltarse JARs no necesarios durante la exploración puede dar lugar a una mejora de tiempo significativa en el arranque y compilación de JSP .
17-Jul-2021 15:46:08.515 INFORMACIÓN [http-apr-8080-exec-73] org.apache.catalina.core.StandardContext.reload Se ha completado la recarga de este Contexto
17-Jul-2021 15:46:14.995 INFORMACIÓN [http-apr-8080-exec-75] org.apache.catalina.core.StandardContext.reload Ha comenzado la recarga de Contexto [/PruebaWeb]
17-Jul-2021 15:46:27.342 INFORMACIÓN [http-apr-8080-exec-75] org.apache.jasper.servlet.TldScanner.scanJars Al menos un JAR, que se ha explorado buscando TLDs, aún no contenía TLDs. Activar historial de depuración para este historiador para una completa lista de los JARs que fueron explorados y de los que nos se halló TLDs. Saltarse JARs no necesarios durante la exploración puede dar lugar a una mejora de tiempo significativa en el arranque y compilación de JSP .
17-Jul-2021 15:46:27.354 INFORMACIÓN [http-apr-8080-exec-75] org.apache.catalina.core.StandardContext.reload Se ha completado la recarga de este Contexto
17-Jul-2021 15:46:31.251 INFORMACIÓN [http-apr-8080-exec-71] org.apache.catalina.core.StandardContext.reload Ha comenzado la recarga de Contexto [/PruebaWeb]
17-Jul-2021 15:46:44.043 INFORMACIÓN [http-apr-8080-exec-71] org.apache.jasper.servlet.TldScanner.scanJars Al menos un JAR, que se ha explorado buscando TLDs, aún no contenía TLDs. Activar historial de depuración para este historiador para una completa lista de los JARs que fueron explorados y de los que nos se halló TLDs. Saltarse JARs no necesarios durante la exploración puede dar lugar a una mejora de tiempo significativa en el arranque y compilación de JSP .
17-Jul-2021 15:46:44.053 INFORMACIÓN [http-apr-8080-exec-71] org.apache.catalina.core.StandardContext.reload Se ha completado la recarga de este Contexto
17-Jul-2021 15:46:49.023 INFORMACIÓN [http-apr-8080-exec-66] org.apache.catalina.core.StandardContext.reload Ha comenzado la recarga de Contexto [/PruebaWeb]
17-Jul-2021 15:47:02.844 INFORMACIÓN [http-apr-8080-exec-66] org.apache.jasper.servlet.TldScanner.scanJars Al menos un JAR, que se ha explorado buscando TLDs, aún no contenía TLDs. Activar historial de depuración para este historiador para una completa lista de los JARs que fueron explorados y de los que nos se halló TLDs. Saltarse JARs no necesarios durante la exploración puede dar lugar a una mejora de tiempo significativa en el arranque y compilación de JSP .
17-Jul-2021 15:47:02.853 INFORMACIÓN [http-apr-8080-exec-66] org.apache.catalina.core.StandardContext.reload Se ha completado la recarga de este Contexto
17-Jul-2021 15:49:41.824 INFORMACIÓN [http-apr-8080-exec-84] org.apache.catalina.core.StandardContext.reload Ha comenzado la recarga de Contexto [/PruebaWeb]
17-Jul-2021 15:49:50.834 INFORMACIÓN [http-apr-8080-exec-84] org.apache.jasper.servlet.TldScanner.scanJars Al menos un JAR, que se ha explorado buscando TLDs, aún no contenía TLDs. Activar historial de depuración para este historiador para una completa lista de los JARs que fueron explorados y de los que nos se halló TLDs. Saltarse JARs no necesarios durante la exploración puede dar lugar a una mejora de tiempo significativa en el arranque y compilación de JSP .
17-Jul-2021 15:49:50.841 INFORMACIÓN [http-apr-8080-exec-84] org.apache.catalina.core.StandardContext.reload Se ha completado la recarga de este Contexto
17-Jul-2021 15:51:47.646 INFORMACIÓN [http-apr-8080-exec-83] org.apache.catalina.core.StandardContext.reload Ha comenzado la recarga de Contexto [/PruebaWeb]
17-Jul-2021 15:51:56.510 INFORMACIÓN [http-apr-8080-exec-83] org.apache.jasper.servlet.TldScanner.scanJars Al menos un JAR, que se ha explorado buscando TLDs, aún no contenía TLDs. Activar historial de depuración para este historiador para una completa lista de los JARs que fueron explorados y de los que nos se halló TLDs. Saltarse JARs no necesarios durante la exploración puede dar lugar a una mejora de tiempo significativa en el arranque y compilación de JSP .
17-Jul-2021 15:51:56.518 INFORMACIÓN [http-apr-8080-exec-83] org.apache.catalina.core.StandardContext.reload Se ha completado la recarga de este Contexto
17-Jul-2021 15:53:37.090 INFORMACIÓN [http-apr-8080-exec-94] org.apache.catalina.core.StandardContext.reload Ha comenzado la recarga de Contexto [/PruebaWeb]
17-Jul-2021 15:53:46.599 INFORMACIÓN [http-apr-8080-exec-94] org.apache.jasper.servlet.TldScanner.scanJars Al menos un JAR, que se ha explorado buscando TLDs, aún no contenía TLDs. Activar historial de depuración para este historiador para una completa lista de los JARs que fueron explorados y de los que nos se halló TLDs. Saltarse JARs no necesarios durante la exploración puede dar lugar a una mejora de tiempo significativa en el arranque y compilación de JSP .
17-Jul-2021 15:53:46.611 INFORMACIÓN [http-apr-8080-exec-94] org.apache.catalina.core.StandardContext.reload Se ha completado la recarga de este Contexto
17-Jul-2021 15:55:13.892 INFORMACIÓN [http-apr-8080-exec-98] org.apache.catalina.core.StandardContext.reload Ha comenzado la recarga de Contexto [/PruebaWeb]
17-Jul-2021 15:55:22.463 INFORMACIÓN [http-apr-8080-exec-98] org.apache.jasper.servlet.TldScanner.scanJars Al menos un JAR, que se ha explorado buscando TLDs, aún no contenía TLDs. Activar historial de depuración para este historiador para una completa lista de los JARs que fueron explorados y de los que nos se halló TLDs. Saltarse JARs no necesarios durante la exploración puede dar lugar a una mejora de tiempo significativa en el arranque y compilación de JSP .
17-Jul-2021 15:55:22.468 INFORMACIÓN [http-apr-8080-exec-98] org.apache.catalina.core.StandardContext.reload Se ha completado la recarga de este Contexto
17-Jul-2021 15:55:27.546 INFORMACIÓN [http-apr-8080-exec-95] org.apache.catalina.core.StandardContext.reload Ha comenzado la recarga de Contexto [/PruebaWeb]
17-Jul-2021 15:55:36.998 INFORMACIÓN [http-apr-8080-exec-95] org.apache.jasper.servlet.TldScanner.scanJars Al menos un JAR, que se ha explorado buscando TLDs, aún no contenía TLDs. Activar historial de depuración para este historiador para una completa lista de los JARs que fueron explorados y de los que nos se halló TLDs. Saltarse JARs no necesarios durante la exploración puede dar lugar a una mejora de tiempo significativa en el arranque y compilación de JSP .
17-Jul-2021 15:55:37.004 INFORMACIÓN [http-apr-8080-exec-95] org.apache.catalina.core.StandardContext.reload Se ha completado la recarga de este Contexto
17-Jul-2021 15:57:37.932 INFORMACIÓN [http-apr-8080-exec-102] org.apache.jasper.servlet.TldScanner.scanJars Al menos un JAR, que se ha explorado buscando TLDs, aún no contenía TLDs. Activar historial de depuración para este historiador para una completa lista de los JARs que fueron explorados y de los que nos se halló TLDs. Saltarse JARs no necesarios durante la exploración puede dar lugar a una mejora de tiempo significativa en el arranque y compilación de JSP .
17-Jul-2021 15:58:36.773 INFORMACIÓN [http-apr-8080-exec-82] org.apache.catalina.core.StandardContext.reload Ha comenzado la recarga de Contexto [/PruebaWeb]
17-Jul-2021 15:58:48.293 INFORMACIÓN [http-apr-8080-exec-82] org.apache.jasper.servlet.TldScanner.scanJars Al menos un JAR, que se ha explorado buscando TLDs, aún no contenía TLDs. Activar historial de depuración para este historiador para una completa lista de los JARs que fueron explorados y de los que nos se halló TLDs. Saltarse JARs no necesarios durante la exploración puede dar lugar a una mejora de tiempo significativa en el arranque y compilación de JSP .
17-Jul-2021 15:58:48.303 INFORMACIÓN [http-apr-8080-exec-82] org.apache.catalina.core.StandardContext.reload Se ha completado la recarga de este Contexto
17-Jul-2021 15:58:48.363 INFORMACIÓN [http-apr-8080-exec-112] org.apache.catalina.core.StandardContext.reload Ha comenzado la recarga de Contexto [/PruebaWeb]
17-Jul-2021 15:58:58.106 INFORMACIÓN [http-apr-8080-exec-112] org.apache.jasper.servlet.TldScanner.scanJars Al menos un JAR, que se ha explorado buscando TLDs, aún no contenía TLDs. Activar historial de depuración para este historiador para una completa lista de los JARs que fueron explorados y de los que nos se halló TLDs. Saltarse JARs no necesarios durante la exploración puede dar lugar a una mejora de tiempo significativa en el arranque y compilación de JSP .
17-Jul-2021 15:58:58.116 INFORMACIÓN [http-apr-8080-exec-112] org.apache.catalina.core.StandardContext.reload Se ha completado la recarga de este Contexto
17-Jul-2021 15:59:14.145 INFORMACIÓN [http-apr-8080-exec-106] org.apache.catalina.core.StandardContext.reload Ha comenzado la recarga de Contexto [/PruebaWeb]
17-Jul-2021 15:59:23.555 INFORMACIÓN [http-apr-8080-exec-106] org.apache.jasper.servlet.TldScanner.scanJars Al menos un JAR, que se ha explorado buscando TLDs, aún no contenía TLDs. Activar historial de depuración para este historiador para una completa lista de los JARs que fueron explorados y de los que nos se halló TLDs. Saltarse JARs no necesarios durante la exploración puede dar lugar a una mejora de tiempo significativa en el arranque y compilación de JSP .
17-Jul-2021 15:59:23.562 INFORMACIÓN [http-apr-8080-exec-106] org.apache.catalina.core.StandardContext.reload Se ha completado la recarga de este Contexto
17-Jul-2021 15:59:27.786 INFORMACIÓN [http-apr-8080-exec-117] org.apache.catalina.core.StandardContext.reload Ha comenzado la recarga de Contexto [/PruebaWeb]
17-Jul-2021 15:59:36.891 INFORMACIÓN [http-apr-8080-exec-117] org.apache.jasper.servlet.TldScanner.scanJars Al menos un JAR, que se ha explorado buscando TLDs, aún no contenía TLDs. Activar historial de depuración para este historiador para una completa lista de los JARs que fueron explorados y de los que nos se halló TLDs. Saltarse JARs no necesarios durante la exploración puede dar lugar a una mejora de tiempo significativa en el arranque y compilación de JSP .
17-Jul-2021 15:59:36.900 INFORMACIÓN [http-apr-8080-exec-117] org.apache.catalina.core.StandardContext.reload Se ha completado la recarga de este Contexto
17-Jul-2021 16:43:16.818 INFORMACIÓN [main] org.apache.catalina.core.StandardServer.await Se ha recibido un comando de apagado a través del puerto de apagado. Parando la instancia del Servidor.
17-Jul-2021 16:43:16.845 INFORMACIÓN [main] org.apache.coyote.AbstractProtocol.pause Pausing ProtocolHandler ["http-apr-8080"]
17-Jul-2021 16:43:16.904 INFORMACIÓN [main] org.apache.coyote.AbstractProtocol.pause Pausing ProtocolHandler ["ajp-apr-8009"]
17-Jul-2021 16:43:16.957 INFORMACIÓN [main] org.apache.catalina.core.StandardService.stopInternal Parando servicio Catalina
17-Jul-2021 16:43:17.106 ADVERTENCIA [localhost-startStop-2] org.apache.catalina.loader.WebappClassLoaderBase.clearReferencesJdbc La aplicación web [PruebaWeb] registró el conductor JDBC [com.mysql.jdbc.Driver] pero falló al anular el registro mientras la aplicación web estaba parada. Para prevenir un fallo de memoria, se ha anulado el registro del conductor JDBC por la fuerza.
17-Jul-2021 16:43:17.254 INFORMACIÓN [main] org.apache.coyote.AbstractProtocol.stop Stopping ProtocolHandler ["http-apr-8080"]
17-Jul-2021 16:43:17.318 INFORMACIÓN [main] org.apache.coyote.AbstractProtocol.stop Stopping ProtocolHandler ["ajp-apr-8009"]
17-Jul-2021 16:43:17.379 INFORMACIÓN [main] org.apache.coyote.AbstractProtocol.destroy Destroying ProtocolHandler ["http-apr-8080"]
17-Jul-2021 16:43:17.380 INFORMACIÓN [main] org.apache.coyote.AbstractProtocol.destroy Destroying ProtocolHandler ["ajp-apr-8009"]
