17-Jul-2021 15:04:12.628 INFORMACIÓN [http-apr-8080-exec-1] org.apache.catalina.core.ApplicationContext.log Manager: init: Associated with Deployer 'Catalina:type=Deployer,host=localhost'
17-Jul-2021 15:04:12.628 INFORMACIÓN [http-apr-8080-exec-1] org.apache.catalina.core.ApplicationContext.log Manager: init: Global resources are available
17-Jul-2021 15:04:12.630 INFORMACIÓN [http-apr-8080-exec-1] org.apache.catalina.core.ApplicationContext.log Manager: list: Listing contexts for virtual host 'localhost'
17-Jul-2021 15:04:12.643 INFORMACIÓN [http-apr-8080-exec-2] org.apache.catalina.core.ApplicationContext.log Manager: list: Listing contexts for virtual host 'localhost'
17-Jul-2021 15:04:12.674 INFORMACIÓN [http-apr-8080-exec-4] org.apache.catalina.core.ApplicationContext.log Manager: restart: Reloading web application '/PruebaWeb'
17-Jul-2021 15:04:49.972 INFORMACIÓN [http-apr-8080-exec-13] org.apache.catalina.core.ApplicationContext.log Manager: list: Listing contexts for virtual host 'localhost'
17-Jul-2021 15:04:49.984 INFORMACIÓN [http-apr-8080-exec-14] org.apache.catalina.core.ApplicationContext.log Manager: list: Listing contexts for virtual host 'localhost'
17-Jul-2021 15:10:41.889 INFORMACIÓN [http-apr-8080-exec-18] org.apache.catalina.core.ApplicationContext.log Manager: list: Listing contexts for virtual host 'localhost'
17-Jul-2021 15:11:02.179 INFORMACIÓN [http-apr-8080-exec-14] org.apache.catalina.core.ApplicationContext.log Manager: list: Listing contexts for virtual host 'localhost'
17-Jul-2021 15:11:02.184 INFORMACIÓN [http-apr-8080-exec-12] org.apache.catalina.core.ApplicationContext.log Manager: list: Listing contexts for virtual host 'localhost'
17-Jul-2021 15:11:47.463 INFORMACIÓN [http-apr-8080-exec-17] org.apache.catalina.core.ApplicationContext.log Manager: list: Listing contexts for virtual host 'localhost'
17-Jul-2021 15:16:17.329 INFORMACIÓN [http-apr-8080-exec-17] org.apache.catalina.core.ApplicationContext.log Manager: list: Listing contexts for virtual host 'localhost'
17-Jul-2021 15:16:25.264 INFORMACIÓN [http-apr-8080-exec-17] org.apache.catalina.core.ApplicationContext.log Manager: list: Listing contexts for virtual host 'localhost'
17-Jul-2021 15:16:25.269 INFORMACIÓN [http-apr-8080-exec-20] org.apache.catalina.core.ApplicationContext.log Manager: list: Listing contexts for virtual host 'localhost'
17-Jul-2021 15:16:45.395 INFORMACIÓN [http-apr-8080-exec-13] org.apache.catalina.core.ApplicationContext.log Manager: list: Listing contexts for virtual host 'localhost'
17-Jul-2021 15:18:29.651 INFORMACIÓN [http-apr-8080-exec-16] org.apache.catalina.core.ApplicationContext.log Manager: list: Listing contexts for virtual host 'localhost'
17-Jul-2021 15:21:01.725 INFORMACIÓN [http-apr-8080-exec-16] org.apache.catalina.core.ApplicationContext.log Manager: list: Listing contexts for virtual host 'localhost'
17-Jul-2021 15:21:01.738 INFORMACIÓN [http-apr-8080-exec-11] org.apache.catalina.core.ApplicationContext.log Manager: restart: Reloading web application '/PruebaWeb'
17-Jul-2021 15:21:36.673 INFORMACIÓN [http-apr-8080-exec-21] org.apache.catalina.core.ApplicationContext.log Manager: list: Listing contexts for virtual host 'localhost'
17-Jul-2021 15:21:36.686 INFORMACIÓN [http-apr-8080-exec-12] org.apache.catalina.core.ApplicationContext.log Manager: restart: Reloading web application '/PruebaWeb'
17-Jul-2021 15:21:43.818 INFORMACIÓN [http-apr-8080-exec-12] org.apache.catalina.core.ApplicationContext.log Manager: list: Listing contexts for virtual host 'localhost'
17-Jul-2021 15:21:43.835 INFORMACIÓN [http-apr-8080-exec-18] org.apache.catalina.core.ApplicationContext.log Manager: restart: Reloading web application '/PruebaWeb'
17-Jul-2021 15:22:57.989 INFORMACIÓN [http-apr-8080-exec-18] org.apache.catalina.core.ApplicationContext.log Manager: list: Listing contexts for virtual host 'localhost'
17-Jul-2021 15:22:58.006 INFORMACIÓN [http-apr-8080-exec-23] org.apache.catalina.core.ApplicationContext.log Manager: restart: Reloading web application '/PruebaWeb'
17-Jul-2021 15:23:38.907 INFORMACIÓN [http-apr-8080-exec-23] org.apache.catalina.core.ApplicationContext.log Manager: list: Listing contexts for virtual host 'localhost'
17-Jul-2021 15:23:40.853 INFORMACIÓN [http-apr-8080-exec-24] org.apache.catalina.core.ApplicationContext.log Manager: list: Listing contexts for virtual host 'localhost'
17-Jul-2021 15:23:40.858 INFORMACIÓN [http-apr-8080-exec-25] org.apache.catalina.core.ApplicationContext.log Manager: list: Listing contexts for virtual host 'localhost'
17-Jul-2021 15:23:40.881 INFORMACIÓN [http-apr-8080-exec-26] org.apache.catalina.core.ApplicationContext.log Manager: restart: Reloading web application '/PruebaWeb'
17-Jul-2021 15:24:34.381 INFORMACIÓN [http-apr-8080-exec-29] org.apache.catalina.core.ApplicationContext.log Manager: list: Listing contexts for virtual host 'localhost'
17-Jul-2021 15:27:51.575 INFORMACIÓN [http-apr-8080-exec-23] org.apache.catalina.core.ApplicationContext.log Manager: list: Listing contexts for virtual host 'localhost'
17-Jul-2021 15:27:51.789 INFORMACIÓN [http-apr-8080-exec-18] org.apache.catalina.core.ApplicationContext.log Manager: restart: Reloading web application '/PruebaWeb'
17-Jul-2021 15:27:53.989 INFORMACIÓN [http-apr-8080-exec-34] org.apache.catalina.core.ApplicationContext.log Manager: list: Listing contexts for virtual host 'localhost'
17-Jul-2021 15:27:54.010 INFORMACIÓN [http-apr-8080-exec-30] org.apache.catalina.core.ApplicationContext.log Manager: restart: Reloading web application '/PruebaWeb'
17-Jul-2021 15:28:04.260 INFORMACIÓN [http-apr-8080-exec-30] org.apache.catalina.core.ApplicationContext.log Manager: list: Listing contexts for virtual host 'localhost'
17-Jul-2021 15:28:04.286 INFORMACIÓN [http-apr-8080-exec-31] org.apache.catalina.core.ApplicationContext.log Manager: restart: Reloading web application '/PruebaWeb'
17-Jul-2021 15:28:06.214 INFORMACIÓN [http-apr-8080-exec-28] org.apache.catalina.core.ApplicationContext.log Manager: list: Listing contexts for virtual host 'localhost'
17-Jul-2021 15:28:06.236 INFORMACIÓN [http-apr-8080-exec-33] org.apache.catalina.core.ApplicationContext.log Manager: restart: Reloading web application '/PruebaWeb'
17-Jul-2021 15:30:03.757 INFORMACIÓN [http-apr-8080-exec-33] org.apache.catalina.core.ApplicationContext.log Manager: list: Listing contexts for virtual host 'localhost'
17-Jul-2021 15:30:03.772 INFORMACIÓN [http-apr-8080-exec-31] org.apache.catalina.core.ApplicationContext.log Manager: restart: Reloading web application '/PruebaWeb'
17-Jul-2021 15:30:20.320 INFORMACIÓN [http-apr-8080-exec-31] org.apache.catalina.core.ApplicationContext.log Manager: list: Listing contexts for virtual host 'localhost'
17-Jul-2021 15:30:20.341 INFORMACIÓN [http-apr-8080-exec-32] org.apache.catalina.core.ApplicationContext.log Manager: restart: Reloading web application '/PruebaWeb'
17-Jul-2021 15:30:22.047 INFORMACIÓN [http-apr-8080-exec-28] org.apache.catalina.core.ApplicationContext.log Manager: list: Listing contexts for virtual host 'localhost'
17-Jul-2021 15:30:22.062 INFORMACIÓN [http-apr-8080-exec-33] org.apache.catalina.core.ApplicationContext.log Manager: restart: Reloading web application '/PruebaWeb'
17-Jul-2021 15:32:48.439 INFORMACIÓN [http-apr-8080-exec-33] org.apache.catalina.core.ApplicationContext.log Manager: list: Listing contexts for virtual host 'localhost'
17-Jul-2021 15:32:48.465 INFORMACIÓN [http-apr-8080-exec-31] org.apache.catalina.core.ApplicationContext.log Manager: restart: Reloading web application '/PruebaWeb'
17-Jul-2021 15:32:51.949 INFORMACIÓN [http-apr-8080-exec-38] org.apache.catalina.core.ApplicationContext.log Manager: list: Listing contexts for virtual host 'localhost'
17-Jul-2021 15:32:51.965 INFORMACIÓN [http-apr-8080-exec-31] org.apache.catalina.core.ApplicationContext.log Manager: restart: Reloading web application '/PruebaWeb'
17-Jul-2021 15:33:02.741 INFORMACIÓN [http-apr-8080-exec-31] org.apache.catalina.core.ApplicationContext.log Manager: list: Listing contexts for virtual host 'localhost'
17-Jul-2021 15:33:02.760 INFORMACIÓN [http-apr-8080-exec-32] org.apache.catalina.core.ApplicationContext.log Manager: restart: Reloading web application '/PruebaWeb'
17-Jul-2021 15:33:48.781 INFORMACIÓN [http-apr-8080-exec-32] org.apache.catalina.core.ApplicationContext.log Manager: list: Listing contexts for virtual host 'localhost'
17-Jul-2021 15:33:48.798 INFORMACIÓN [http-apr-8080-exec-40] org.apache.catalina.core.ApplicationContext.log Manager: restart: Reloading web application '/PruebaWeb'
17-Jul-2021 15:35:43.935 INFORMACIÓN [http-apr-8080-exec-40] org.apache.catalina.core.ApplicationContext.log Manager: list: Listing contexts for virtual host 'localhost'
17-Jul-2021 15:35:43.953 INFORMACIÓN [http-apr-8080-exec-32] org.apache.catalina.core.ApplicationContext.log Manager: restart: Reloading web application '/PruebaWeb'
17-Jul-2021 15:35:52.986 INFORMACIÓN [http-apr-8080-exec-32] org.apache.catalina.core.ApplicationContext.log Manager: list: Listing contexts for virtual host 'localhost'
17-Jul-2021 15:35:52.997 INFORMACIÓN [http-apr-8080-exec-44] org.apache.catalina.core.ApplicationContext.log Manager: restart: Reloading web application '/PruebaWeb'
17-Jul-2021 15:38:58.321 INFORMACIÓN [http-apr-8080-exec-53] org.apache.catalina.core.ApplicationContext.log Manager: list: Listing contexts for virtual host 'localhost'
17-Jul-2021 15:38:58.455 INFORMACIÓN [http-apr-8080-exec-44] org.apache.catalina.core.ApplicationContext.log Manager: restart: Reloading web application '/PruebaWeb'
17-Jul-2021 15:39:28.324 INFORMACIÓN [http-apr-8080-exec-47] org.apache.catalina.core.ApplicationContext.log Manager: list: Listing contexts for virtual host 'localhost'
17-Jul-2021 15:39:28.355 INFORMACIÓN [http-apr-8080-exec-41] org.apache.catalina.core.ApplicationContext.log Manager: restart: Reloading web application '/PruebaWeb'
17-Jul-2021 15:40:53.259 INFORMACIÓN [http-apr-8080-exec-57] org.apache.catalina.core.ApplicationContext.log Manager: list: Listing contexts for virtual host 'localhost'
17-Jul-2021 15:40:53.280 INFORMACIÓN [http-apr-8080-exec-59] org.apache.catalina.core.ApplicationContext.log Manager: restart: Reloading web application '/PruebaWeb'
17-Jul-2021 15:42:24.667 INFORMACIÓN [http-apr-8080-exec-57] org.apache.catalina.core.ApplicationContext.log Manager: list: Listing contexts for virtual host 'localhost'
17-Jul-2021 15:42:24.713 INFORMACIÓN [http-apr-8080-exec-63] org.apache.catalina.core.ApplicationContext.log Manager: restart: Reloading web application '/PruebaWeb'
17-Jul-2021 15:42:39.970 INFORMACIÓN [http-apr-8080-exec-60] org.apache.catalina.core.ApplicationContext.log Manager: list: Listing contexts for virtual host 'localhost'
17-Jul-2021 15:42:39.989 INFORMACIÓN [http-apr-8080-exec-62] org.apache.catalina.core.ApplicationContext.log Manager: restart: Reloading web application '/PruebaWeb'
17-Jul-2021 15:44:35.754 INFORMACIÓN [http-apr-8080-exec-67] org.apache.catalina.core.ApplicationContext.log Manager: list: Listing contexts for virtual host 'localhost'
17-Jul-2021 15:44:35.770 INFORMACIÓN [http-apr-8080-exec-68] org.apache.catalina.core.ApplicationContext.log Manager: restart: Reloading web application '/PruebaWeb'
17-Jul-2021 15:45:21.120 INFORMACIÓN [http-apr-8080-exec-57] org.apache.catalina.core.ApplicationContext.log Manager: list: Listing contexts for virtual host 'localhost'
17-Jul-2021 15:45:21.137 INFORMACIÓN [http-apr-8080-exec-70] org.apache.catalina.core.ApplicationContext.log Manager: restart: Reloading web application '/PruebaWeb'
17-Jul-2021 15:45:56.321 INFORMACIÓN [http-apr-8080-exec-66] org.apache.catalina.core.ApplicationContext.log Manager: list: Listing contexts for virtual host 'localhost'
17-Jul-2021 15:45:56.360 INFORMACIÓN [http-apr-8080-exec-73] org.apache.catalina.core.ApplicationContext.log Manager: restart: Reloading web application '/PruebaWeb'
17-Jul-2021 15:46:14.980 INFORMACIÓN [http-apr-8080-exec-69] org.apache.catalina.core.ApplicationContext.log Manager: list: Listing contexts for virtual host 'localhost'
17-Jul-2021 15:46:14.995 INFORMACIÓN [http-apr-8080-exec-75] org.apache.catalina.core.ApplicationContext.log Manager: restart: Reloading web application '/PruebaWeb'
17-Jul-2021 15:46:31.237 INFORMACIÓN [http-apr-8080-exec-55] org.apache.catalina.core.ApplicationContext.log Manager: list: Listing contexts for virtual host 'localhost'
17-Jul-2021 15:46:31.250 INFORMACIÓN [http-apr-8080-exec-71] org.apache.catalina.core.ApplicationContext.log Manager: restart: Reloading web application '/PruebaWeb'
17-Jul-2021 15:46:49.006 INFORMACIÓN [http-apr-8080-exec-76] org.apache.catalina.core.ApplicationContext.log Manager: list: Listing contexts for virtual host 'localhost'
17-Jul-2021 15:46:49.022 INFORMACIÓN [http-apr-8080-exec-66] org.apache.catalina.core.ApplicationContext.log Manager: restart: Reloading web application '/PruebaWeb'
17-Jul-2021 15:49:41.814 INFORMACIÓN [http-apr-8080-exec-57] org.apache.catalina.core.ApplicationContext.log Manager: list: Listing contexts for virtual host 'localhost'
17-Jul-2021 15:49:41.824 INFORMACIÓN [http-apr-8080-exec-84] org.apache.catalina.core.ApplicationContext.log Manager: restart: Reloading web application '/PruebaWeb'
17-Jul-2021 15:51:47.637 INFORMACIÓN [http-apr-8080-exec-86] org.apache.catalina.core.ApplicationContext.log Manager: list: Listing contexts for virtual host 'localhost'
17-Jul-2021 15:51:47.646 INFORMACIÓN [http-apr-8080-exec-83] org.apache.catalina.core.ApplicationContext.log Manager: restart: Reloading web application '/PruebaWeb'
17-Jul-2021 15:53:37.079 INFORMACIÓN [http-apr-8080-exec-93] org.apache.catalina.core.ApplicationContext.log Manager: list: Listing contexts for virtual host 'localhost'
17-Jul-2021 15:53:37.090 INFORMACIÓN [http-apr-8080-exec-94] org.apache.catalina.core.ApplicationContext.log Manager: restart: Reloading web application '/PruebaWeb'
17-Jul-2021 15:55:13.879 INFORMACIÓN [http-apr-8080-exec-97] org.apache.catalina.core.ApplicationContext.log Manager: list: Listing contexts for virtual host 'localhost'
17-Jul-2021 15:55:13.892 INFORMACIÓN [http-apr-8080-exec-98] org.apache.catalina.core.ApplicationContext.log Manager: restart: Reloading web application '/PruebaWeb'
17-Jul-2021 15:55:27.532 INFORMACIÓN [http-apr-8080-exec-100] org.apache.catalina.core.ApplicationContext.log Manager: list: Listing contexts for virtual host 'localhost'
17-Jul-2021 15:55:27.546 INFORMACIÓN [http-apr-8080-exec-95] org.apache.catalina.core.ApplicationContext.log Manager: restart: Reloading web application '/PruebaWeb'
17-Jul-2021 15:57:28.480 INFORMACIÓN [http-apr-8080-exec-105] org.apache.catalina.core.ApplicationContext.log Manager: list: Listing contexts for virtual host 'localhost'
17-Jul-2021 15:57:28.506 INFORMACIÓN [http-apr-8080-exec-102] org.apache.catalina.core.ApplicationContext.log Manager: list: Listing contexts for virtual host 'localhost'
17-Jul-2021 15:57:28.572 INFORMACIÓN [http-apr-8080-exec-103] org.apache.catalina.core.ApplicationContext.log Manager: stop: Stopping web application '/PruebaWeb'
17-Jul-2021 15:57:28.610 INFORMACIÓN [http-apr-8080-exec-102] org.apache.catalina.core.ApplicationContext.log Manager: start: Starting web application '/PruebaWeb'
17-Jul-2021 15:58:36.762 INFORMACIÓN [http-apr-8080-exec-93] org.apache.catalina.core.ApplicationContext.log Manager: list: Listing contexts for virtual host 'localhost'
17-Jul-2021 15:58:36.773 INFORMACIÓN [http-apr-8080-exec-82] org.apache.catalina.core.ApplicationContext.log Manager: restart: Reloading web application '/PruebaWeb'
17-Jul-2021 15:58:48.343 INFORMACIÓN [http-apr-8080-exec-107] org.apache.catalina.core.ApplicationContext.log Manager: list: Listing contexts for virtual host 'localhost'
17-Jul-2021 15:58:48.363 INFORMACIÓN [http-apr-8080-exec-112] org.apache.catalina.core.ApplicationContext.log Manager: restart: Reloading web application '/PruebaWeb'
17-Jul-2021 15:59:14.132 INFORMACIÓN [http-apr-8080-exec-104] org.apache.catalina.core.ApplicationContext.log Manager: list: Listing contexts for virtual host 'localhost'
17-Jul-2021 15:59:14.145 INFORMACIÓN [http-apr-8080-exec-106] org.apache.catalina.core.ApplicationContext.log Manager: restart: Reloading web application '/PruebaWeb'
17-Jul-2021 15:59:27.752 INFORMACIÓN [http-apr-8080-exec-104] org.apache.catalina.core.ApplicationContext.log Manager: list: Listing contexts for virtual host 'localhost'
17-Jul-2021 15:59:27.761 INFORMACIÓN [http-apr-8080-exec-107] org.apache.catalina.core.ApplicationContext.log Manager: list: Listing contexts for virtual host 'localhost'
17-Jul-2021 15:59:27.786 INFORMACIÓN [http-apr-8080-exec-117] org.apache.catalina.core.ApplicationContext.log Manager: restart: Reloading web application '/PruebaWeb'
17-Jul-2021 16:05:36.158 INFORMACIÓN [http-apr-8080-exec-125] org.apache.catalina.core.ApplicationContext.log Manager: list: Listing contexts for virtual host 'localhost'
17-Jul-2021 16:07:34.204 INFORMACIÓN [http-apr-8080-exec-120] org.apache.catalina.core.ApplicationContext.log Manager: list: Listing contexts for virtual host 'localhost'
17-Jul-2021 16:11:51.724 INFORMACIÓN [http-apr-8080-exec-123] org.apache.catalina.core.ApplicationContext.log Manager: list: Listing contexts for virtual host 'localhost'
17-Jul-2021 16:12:53.879 INFORMACIÓN [http-apr-8080-exec-118] org.apache.catalina.core.ApplicationContext.log Manager: list: Listing contexts for virtual host 'localhost'
17-Jul-2021 16:14:13.428 INFORMACIÓN [http-apr-8080-exec-121] org.apache.catalina.core.ApplicationContext.log Manager: list: Listing contexts for virtual host 'localhost'
17-Jul-2021 16:18:00.458 INFORMACIÓN [http-apr-8080-exec-124] org.apache.catalina.core.ApplicationContext.log Manager: list: Listing contexts for virtual host 'localhost'
17-Jul-2021 16:18:13.402 INFORMACIÓN [http-apr-8080-exec-124] org.apache.catalina.core.ApplicationContext.log Manager: list: Listing contexts for virtual host 'localhost'
17-Jul-2021 16:18:30.712 INFORMACIÓN [http-apr-8080-exec-127] org.apache.catalina.core.ApplicationContext.log Manager: list: Listing contexts for virtual host 'localhost'
17-Jul-2021 16:18:57.615 INFORMACIÓN [http-apr-8080-exec-120] org.apache.catalina.core.ApplicationContext.log Manager: list: Listing contexts for virtual host 'localhost'
17-Jul-2021 16:19:03.137 INFORMACIÓN [http-apr-8080-exec-120] org.apache.catalina.core.ApplicationContext.log Manager: list: Listing contexts for virtual host 'localhost'
