22-Jul-2021 21:38:05.491 INFORMACIÓN [http-apr-8080-exec-1] org.apache.catalina.core.ApplicationContext.log Manager: init: Associated with Deployer 'Catalina:type=Deployer,host=localhost'
22-Jul-2021 21:38:05.493 INFORMACIÓN [http-apr-8080-exec-1] org.apache.catalina.core.ApplicationContext.log Manager: init: Global resources are available
22-Jul-2021 21:38:05.497 INFORMACIÓN [http-apr-8080-exec-1] org.apache.catalina.core.ApplicationContext.log Manager: list: Listing contexts for virtual host 'localhost'
22-Jul-2021 21:38:05.516 INFORMACIÓN [http-apr-8080-exec-4] org.apache.catalina.core.ApplicationContext.log Manager: list: Listing contexts for virtual host 'localhost'
22-Jul-2021 21:38:05.545 INFORMACIÓN [http-apr-8080-exec-3] org.apache.catalina.core.ApplicationContext.log Manager: install: Installing context configuration at 'file:/C:/Users/Trinidad/AppData/Local/Temp/context2477949755954243610.xml'
22-Jul-2021 21:38:16.072 INFORMACIÓN [http-apr-8080-exec-2] org.apache.catalina.core.ApplicationContext.log Manager: start: Starting web application '/tpFinalCom1'
22-Jul-2021 21:39:05.878 INFORMACIÓN [http-apr-8080-exec-5] org.apache.catalina.core.ApplicationContext.log Manager: init: Associated with Deployer 'Catalina:type=Deployer,host=localhost'
22-Jul-2021 21:39:05.878 INFORMACIÓN [http-apr-8080-exec-5] org.apache.catalina.core.ApplicationContext.log Manager: init: Global resources are available
22-Jul-2021 21:39:05.881 INFORMACIÓN [http-apr-8080-exec-5] org.apache.catalina.core.ApplicationContext.log Manager: list: Listing contexts for virtual host 'localhost'
22-Jul-2021 21:39:05.890 INFORMACIÓN [http-apr-8080-exec-6] org.apache.catalina.core.ApplicationContext.log Manager: list: Listing contexts for virtual host 'localhost'
22-Jul-2021 21:41:26.474 INFORMACIÓN [http-apr-8080-exec-4] org.apache.catalina.core.ApplicationContext.log Manager: init: Associated with Deployer 'Catalina:type=Deployer,host=localhost'
22-Jul-2021 21:41:26.475 INFORMACIÓN [http-apr-8080-exec-4] org.apache.catalina.core.ApplicationContext.log Manager: init: Global resources are available
22-Jul-2021 21:41:26.476 INFORMACIÓN [http-apr-8080-exec-4] org.apache.catalina.core.ApplicationContext.log Manager: list: Listing contexts for virtual host 'localhost'
22-Jul-2021 21:41:26.484 INFORMACIÓN [http-apr-8080-exec-3] org.apache.catalina.core.ApplicationContext.log Manager: list: Listing contexts for virtual host 'localhost'
22-Jul-2021 21:46:52.107 INFORMACIÓN [http-apr-8080-exec-6] org.apache.catalina.core.ApplicationContext.log Manager: list: Listing contexts for virtual host 'localhost'
22-Jul-2021 21:46:52.112 INFORMACIÓN [http-apr-8080-exec-8] org.apache.catalina.core.ApplicationContext.log Manager: list: Listing contexts for virtual host 'localhost'
22-Jul-2021 21:49:07.528 INFORMACIÓN [http-apr-8080-exec-10] org.apache.catalina.core.ApplicationContext.log Manager: list: Listing contexts for virtual host 'localhost'
22-Jul-2021 21:49:07.538 INFORMACIÓN [http-apr-8080-exec-2] org.apache.catalina.core.ApplicationContext.log Manager: list: Listing contexts for virtual host 'localhost'
22-Jul-2021 21:49:45.940 INFORMACIÓN [http-apr-8080-exec-5] org.apache.catalina.core.ApplicationContext.log Manager: list: Listing contexts for virtual host 'localhost'
22-Jul-2021 21:49:45.949 INFORMACIÓN [http-apr-8080-exec-7] org.apache.catalina.core.ApplicationContext.log Manager: list: Listing contexts for virtual host 'localhost'
22-Jul-2021 21:51:34.169 INFORMACIÓN [http-apr-8080-exec-1] org.apache.catalina.core.ApplicationContext.log Manager: init: Associated with Deployer 'Catalina:type=Deployer,host=localhost'
22-Jul-2021 21:51:34.169 INFORMACIÓN [http-apr-8080-exec-1] org.apache.catalina.core.ApplicationContext.log Manager: init: Global resources are available
22-Jul-2021 21:51:34.171 INFORMACIÓN [http-apr-8080-exec-1] org.apache.catalina.core.ApplicationContext.log Manager: list: Listing contexts for virtual host 'localhost'
22-Jul-2021 21:51:34.183 INFORMACIÓN [http-apr-8080-exec-2] org.apache.catalina.core.ApplicationContext.log Manager: list: Listing contexts for virtual host 'localhost'
22-Jul-2021 21:53:15.321 INFORMACIÓN [http-apr-8080-exec-10] org.apache.catalina.core.ApplicationContext.log Manager: list: Listing contexts for virtual host 'localhost'
22-Jul-2021 21:53:15.340 INFORMACIÓN [http-apr-8080-exec-9] org.apache.catalina.core.ApplicationContext.log Manager: restart: Reloading web application '/tpFinalCom1'
22-Jul-2021 21:53:22.027 INFORMACIÓN [http-apr-8080-exec-5] org.apache.catalina.core.ApplicationContext.log Manager: list: Listing contexts for virtual host 'localhost'
22-Jul-2021 21:53:22.036 INFORMACIÓN [http-apr-8080-exec-11] org.apache.catalina.core.ApplicationContext.log Manager: list: Listing contexts for virtual host 'localhost'
22-Jul-2021 21:53:25.002 INFORMACIÓN [http-apr-8080-exec-6] org.apache.catalina.core.ApplicationContext.log Manager: stop: Stopping web application '/tpFinalCom1'
22-Jul-2021 21:53:25.018 INFORMACIÓN [http-apr-8080-exec-1] org.apache.catalina.core.ApplicationContext.log Manager: start: Starting web application '/tpFinalCom1'
22-Jul-2021 21:55:44.422 INFORMACIÓN [http-apr-8080-exec-17] org.apache.catalina.core.ApplicationContext.log Manager: list: Listing contexts for virtual host 'localhost'
